2026-02-16 16:04:56 | INFO     | qbt.pipeline.ingestion | INGEST equities_intraday_5m | provider=alpaca |ingestion mode = append
2026-02-16 16:04:56 | INFO     | qbt.pipeline.ingestion | SOURCE alpaca | dataset=equities_intraday_5m | ticker=XLE |freq= 5Min | fetching 2026-02-11 21:00:00+00:00 -> 2026-02-16 21:04:56.924573+00:00
2026-02-16 16:04:57 | INFO     | qbt.pipeline.silver | Starting canonicalize_all
2026-02-16 16:04:57 | INFO     | qbt.pipeline.silver | Canonicalizing source=equities_intraday_5m kind=bars interval=5Min symbols=1
2026-02-16 16:04:57 | INFO     | qbt.pipeline.silver | Bars XLE: rows in=99930 rows out=99930 -> data/silver/freq=5Min/ticker=XLE/bars.parquet
2026-02-16 16:04:57 | INFO     | qbt.pipeline.silver | Finished canonicalize_all
2026-02-16 16:04:57 | INFO     | qbt.pipeline.gold | Gold start | input_freq=5Min market_tz=America/New_York cutoff_hour=16.0 assets=1 intra_features=2 daily_transforms=4
2026-02-16 16:04:57 | INFO     | qbt.pipeline.gold | Loaded intraday long | rows=99930 cols=['timestamp', 'ticker', 'open', 'high', 'low', 'close', 'volume']
2026-02-16 16:04:57 | INFO     | qbt.pipeline.gold | Compute daily features | ticker=XLE rows=99930 t0=2021-01-04 13:45:00+00:00 t1=2026-02-13 21:05:00+00:00
2026-02-16 16:04:57 | INFO     | qbt.pipeline.gold | Gold assembled | rows=1284 cols=13 t0=2021-01-04 00:00:00-05:00 t1=2026-02-13 00:00:00-05:00
2026-02-16 16:04:57 | INFO     | qbt.pipeline.gold | Gold write complete
2026-02-16 16:04:57 | INFO     | qbt.pipeline.signal | Signal start | strategy=StateSignal universe=XLE retrain_freq=1D lookback=504 min_train=200
2026-02-16 16:04:57 | INFO     | qbt.pipeline.signal | Loaded model meta | trained_at=2026-02-12T21:01:03.514878+00:00 train_end=2026-02-12 05:00:00+00:00 config_hash=50a0a70c0a5411d0
2026-02-16 16:04:57 | INFO     | qbt.pipeline.signal | Retrain triggered | reason=config_changed
2026-02-16 16:04:57 | INFO     | qbt.pipeline.signal | Prepared train window | n_train=504 train_start=2024-02-09 05:00:00+00:00 train_end=2026-02-13 05:00:00+00:00
2026-02-16 16:04:57 | INFO     | qbt.pipeline.signal | Model fit complete
2026-02-16 16:04:57 | INFO     | qbt.pipeline.signal | Wrote model artifacts | trained_at=2026-02-16T21:04:57.840637+00:00 train_end=2026-02-13 05:00:00+00:00 snapshot_models=True
2026-02-16 16:04:57 | INFO     | qbt.pipeline.signal | Prepared inference inputs | n=1283 asof=2026-02-13 05:00:00+00:00 features=(1283, 9) ret=(1283, 1)
2026-02-16 16:04:57 | INFO     | qbt.pipeline.signal | Predicted weights | asof=2026-02-13 05:00:00+00:00 assets=1 nonzero=0
2026-02-16 16:04:57 | INFO     | qbt.pipeline.signal | Wrote weights | asof=2026-02-13 05:00:00+00:00 snapshot_weights=True
2026-02-16 16:04:57 | INFO     | qbt.pipeline.execute | Execution start | strategy=StateSignal universe=XLE dry_run=False min_trade_dollars=25.00 run_id=09a410b7df6d exec_id=32c0482db2a2
2026-02-16 16:04:57 | INFO     | qbt.pipeline.execute | Loaded target weights | asof=2026-02-13 05:00:00+00:00 assets=1 nonzero=0
2026-02-16 16:04:58 | INFO     | qbt.pipeline.execute | Portfolio state | equity=99975.92 positions=1
2026-02-16 16:04:58 | INFO     | qbt.pipeline.execute | Trade deltas computed | n=1 gross_notional=58776.92
2026-02-16 16:04:58 | INFO     | qbt.pipeline.execute | Prepared orders | n=1
2026-02-16 16:04:58 | INFO     | qbt.pipeline.execute | Saved planned orders | batch_id=dcd489c2cc4e key=artifacts/orders/strategy=StateSignal/universe=XLE/batches/date=2026-02-16/dcd489c2cc4e.parquet
2026-02-16 16:04:58 | INFO     | qbt.pipeline.execute | Submitting SELL | symbol=XLE notional=58776.92
2026-02-16 16:04:58 | INFO     | qbt.pipeline.execute | Saved trades parquet | batch_id=dcd489c2cc4e key=artifacts/trades/strategy=StateSignal/universe=XLE/batches/date=2026-02-16/dcd489c2cc4e.parquet
2026-02-16 16:04:58 | INFO     | qbt.pipeline.execute | Execution complete | strategy=StateSignal universe=XLE num_orders=1
