2026-02-12 16:01:02 | INFO     | qbt.pipeline.ingestion | INGEST equities_intraday_5m | provider=alpaca |ingestion mode = append
2026-02-12 16:01:02 | INFO     | qbt.pipeline.ingestion | SOURCE alpaca | dataset=equities_intraday_5m | ticker=XLE |freq= 5Min | fetching 2026-02-10 20:55:00+00:00 -> 2026-02-12 21:01:02.507761+00:00
2026-02-12 16:01:02 | INFO     | qbt.pipeline.silver | Starting canonicalize_all
2026-02-12 16:01:02 | INFO     | qbt.pipeline.silver | Canonicalizing source=equities_intraday_5m kind=bars interval=5Min symbols=1
2026-02-12 16:01:02 | INFO     | qbt.pipeline.silver | Bars XLE: rows in=99851 rows out=99851 -> data/silver/freq=5Min/ticker=XLE/bars.parquet
2026-02-12 16:01:02 | INFO     | qbt.pipeline.silver | Finished canonicalize_all
2026-02-12 16:01:02 | INFO     | qbt.pipeline.gold | Gold start | input_freq=5Min market_tz=America/New_York cutoff_hour=16.0 assets=1 intra_features=2 daily_transforms=4
2026-02-12 16:01:03 | INFO     | qbt.pipeline.gold | Loaded intraday long | rows=99851 cols=['timestamp', 'ticker', 'open', 'high', 'low', 'close', 'volume']
2026-02-12 16:01:03 | INFO     | qbt.pipeline.gold | Compute daily features | ticker=XLE rows=99851 t0=2021-01-04 13:45:00+00:00 t1=2026-02-12 21:00:00+00:00
2026-02-12 16:01:03 | INFO     | qbt.pipeline.gold | Gold assembled | rows=1283 cols=13 t0=2021-01-04 00:00:00-05:00 t1=2026-02-12 00:00:00-05:00
2026-02-12 16:01:03 | INFO     | qbt.pipeline.gold | Gold write complete
2026-02-12 16:01:03 | INFO     | qbt.pipeline.signal | Signal start | strategy=StateSignal universe=XLE retrain_freq=1D lookback=504 min_train=200
2026-02-12 16:01:03 | INFO     | qbt.pipeline.signal | No existing model meta found
2026-02-12 16:01:03 | INFO     | qbt.pipeline.signal | Retrain triggered | reason=missing_meta
2026-02-12 16:01:03 | INFO     | qbt.pipeline.signal | Prepared train window | n_train=504 train_start=2024-02-08 05:00:00+00:00 train_end=2026-02-12 05:00:00+00:00
2026-02-12 16:01:03 | INFO     | qbt.pipeline.signal | Model fit complete
2026-02-12 16:01:03 | INFO     | qbt.pipeline.signal | Wrote model artifacts | trained_at=2026-02-12T21:01:03.514878+00:00 train_end=2026-02-12 05:00:00+00:00 snapshot_models=True
2026-02-12 16:01:03 | INFO     | qbt.pipeline.signal | Prepared inference inputs | n=1282 asof=2026-02-12 05:00:00+00:00 features=(1282, 9) ret=(1282, 1)
2026-02-12 16:01:03 | INFO     | qbt.pipeline.signal | Predicted weights | asof=2026-02-12 05:00:00+00:00 assets=1 nonzero=1
2026-02-12 16:01:03 | INFO     | qbt.pipeline.signal | Wrote weights | asof=2026-02-12 05:00:00+00:00 snapshot_weights=True
2026-02-12 16:01:03 | INFO     | qbt.pipeline.execute | Execution start | strategy=StateSignal universe=XLE dry_run=False min_trade_dollars=25.00 run_id=2dadd5fc0b59 exec_id=9ce456fe3eee
2026-02-12 16:01:03 | INFO     | qbt.pipeline.execute | Loaded target weights | asof=2026-02-12 05:00:00+00:00 assets=1 nonzero=1
2026-02-12 16:01:04 | INFO     | qbt.pipeline.execute | Portfolio state | equity=99556.89 positions=1
2026-02-12 16:01:04 | INFO     | qbt.pipeline.execute | Trade deltas computed | n=1 gross_notional=2454.38
2026-02-12 16:01:04 | INFO     | qbt.pipeline.execute | Prepared orders | n=1
2026-02-12 16:01:04 | INFO     | qbt.pipeline.execute | Saved planned orders | batch_id=f5e9344a9e75 key=artifacts/orders/strategy=StateSignal/universe=XLE/batches/date=2026-02-12/f5e9344a9e75.parquet
2026-02-12 16:01:04 | INFO     | qbt.pipeline.execute | Submitting BUY  | symbol=XLE notional=2454.38
2026-02-12 16:01:04 | INFO     | qbt.pipeline.execute | Saved trades parquet | batch_id=f5e9344a9e75 key=artifacts/trades/strategy=StateSignal/universe=XLE/batches/date=2026-02-12/f5e9344a9e75.parquet
2026-02-12 16:01:04 | INFO     | qbt.pipeline.execute | Execution complete | strategy=StateSignal universe=XLE num_orders=1
